INFO:root:Start ETL application with FILMWORK_ETL mode
INFO:PgProducer:PostgreSQL connection is open
WARNING:elasticsearch:GET http://elasticsearch:9200/ [status:N/A request:0.010s]
Traceback (most recent call last):
  File "/home/karnet/yandex/ETL/venv/lib/python3.9/site-packages/urllib3/connection.py", line 174, in _new_conn
    conn = connection.create_connection(
  File "/home/karnet/yandex/ETL/venv/lib/python3.9/site-packages/urllib3/util/connection.py", line 73, in create_connection
    for res in socket.getaddrinfo(host, port, family, socket.SOCK_STREAM):
  File "/usr/lib/python3.9/socket.py", line 954, in getaddrinfo
    for res in _socket.getaddrinfo(host, port, family, type, proto, flags):
socket.gaierror: [Errno -3] Temporary failure in name resolution

During handling of the above exception, another exception occurred:

Traceback (most recent call last):
  File "/home/karnet/yandex/ETL/venv/lib/python3.9/site-packages/elasticsearch/connection/http_urllib3.py", line 251, in perform_request
    response = self.pool.urlopen(
  File "/home/karnet/yandex/ETL/venv/lib/python3.9/site-packages/urllib3/connectionpool.py", line 755, in urlopen
    retries = retries.increment(
  File "/home/karnet/yandex/ETL/venv/lib/python3.9/site-packages/urllib3/util/retry.py", line 507, in increment
    raise six.reraise(type(error), error, _stacktrace)
  File "/home/karnet/yandex/ETL/venv/lib/python3.9/site-packages/urllib3/packages/six.py", line 770, in reraise
    raise value
  File "/home/karnet/yandex/ETL/venv/lib/python3.9/site-packages/urllib3/connectionpool.py", line 699, in urlopen
    httplib_response = self._make_request(
  File "/home/karnet/yandex/ETL/venv/lib/python3.9/site-packages/urllib3/connectionpool.py", line 394, in _make_request
    conn.request(method, url, **httplib_request_kw)
  File "/home/karnet/yandex/ETL/venv/lib/python3.9/site-packages/urllib3/connection.py", line 239, in request
    super(HTTPConnection, self).request(method, url, body=body, headers=headers)
  File "/usr/lib/python3.9/http/client.py", line 1279, in request
    self._send_request(method, url, body, headers, encode_chunked)
  File "/usr/lib/python3.9/http/client.py", line 1325, in _send_request
    self.endheaders(body, encode_chunked=encode_chunked)
  File "/usr/lib/python3.9/http/client.py", line 1274, in endheaders
    self._send_output(message_body, encode_chunked=encode_chunked)
  File "/usr/lib/python3.9/http/client.py", line 1034, in _send_output
    self.send(msg)
  File "/usr/lib/python3.9/http/client.py", line 974, in send
    self.connect()
  File "/home/karnet/yandex/ETL/venv/lib/python3.9/site-packages/urllib3/connection.py", line 205, in connect
    conn = self._new_conn()
  File "/home/karnet/yandex/ETL/venv/lib/python3.9/site-packages/urllib3/connection.py", line 186, in _new_conn
    raise NewConnectionError(
urllib3.exceptions.NewConnectionError: <urllib3.connection.HTTPConnection object at 0x7f3c91b600a0>: Failed to establish a new connection: [Errno -3] Temporary failure in name resolution
WARNING:ESLoader:index already exist: index
INFO:FilmWork:Start ETL process for FILMWORK_ETL_last_updated_dt: 2021-09-27 13:16:55.351255
INFO:FilmWork:got '0' film_work ids from person etl
INFO:FilmWork:ETL process is finished.  sleep: 10
INFO:root:Start ETL application with FILMWORK_ETL mode
INFO:PgProducer:PostgreSQL connection is open
INFO:FilmWork:Start ETL process for FILMWORK_ETL_last_updated_dt: 2021-09-27 13:17:08.311172
INFO:FilmWork:got '0' film_work ids from person etl
INFO:FilmWork:ETL process is finished.  sleep: 10
INFO:root:Start ETL application with FILMWORK_ETL mode
INFO:root:Start ETL application with FILMWORK_ETL mode
INFO:root:Start ETL application with FILMWORK_ETL mode
INFO:PgProducer:PostgreSQL connection is open
INFO:root:Start ETL application with FILMWORK_ETL mode
INFO:root:Start ETL application with FILMWORK_ETL mode
INFO:root:Start ETL application with FILMWORK_ETL mode
INFO:root:Start ETL application with FILMWORK_ETL mode
INFO:root:Start ETL application with FILMWORK_ETL mode
INFO:root:Start ETL application with FILMWORK_ETL mode
INFO:root:Start ETL application with FILMWORK_ETL mode
INFO:root:Start ETL application with FILMWORK_ETL mode
INFO:root:Start ETL application with FILMWORK_ETL mode
INFO:root:Start ETL application with FILMWORK_ETL mode
INFO:PgProducer:PostgreSQL connection is open
INFO:root:Start ETL application with FILMWORK_ETL mode
INFO:root:Start ETL application with FILMWORK_ETL mode
INFO:root:Start ETL application with FILMWORK_ETL mode
INFO:root:Start ETL application with FILMWORK_ETL mode
INFO:root:Start ETL application with FILMWORK_ETL mode
INFO:PgProducer:PostgreSQL connection is open
INFO:root:Start ETL application with FILMWORK_ETL mode
INFO:root:Start ETL application with FILMWORK_ETL mode
INFO:root:Start ETL application with FILMWORK_ETL mode
INFO:root:Start ETL application with FILMWORK_ETL mode
INFO:root:Start ETL application with FILMWORK_ETL mode
INFO:PgProducer:PostgreSQL connection is open
INFO:root:Start ETL application with FILMWORK_ETL mode
INFO:root:Start ETL application with FILMWORK_ETL mode
INFO:root:Start ETL application with FILMWORK_ETL mode
INFO:root:Start ETL application with FILMWORK_ETL mode
INFO:root:Start ETL application with FILMWORK_ETL mode
INFO:root:Start ETL application with FILMWORK_ETL mode
INFO:root:Start ETL application with FILMWORK_ETL mode
INFO:root:Start ETL application with FILMWORK_ETL mode
INFO:root:Start ETL application with FILMWORK_ETL mode
INFO:PgProducer:PostgreSQL connection is open
INFO:root:Start ETL application with FILMWORK_ETL mode
INFO:root:Start ETL application with FILMWORK_ETL mode
INFO:root:Start ETL application with FILMWORK_ETL mode
INFO:root:Start ETL application with FILMWORK_ETL mode
INFO:FilmWork:Start ETL process for FILMWORK_ETL_last_updated_dt: 2021-09-27 13:17:47.523090
INFO:FilmWork:got '0' film_work ids from person etl
INFO:FilmWork:ETL process is finished.  sleep: 10
INFO:FilmWork:Start ETL process for FILMWORK_ETL_last_updated_dt: 2021-09-27 13:21:24.807328
INFO:FilmWork:got '0' film_work ids from genre etl
INFO:FilmWork:ETL process is finished.  sleep: 10
INFO:FilmWork:Start ETL process for FILMWORK_ETL_last_updated_dt: 2021-09-27 13:21:34.822205
INFO:FilmWork:got '0' film_work ids from film_work etl
INFO:FilmWork:total unique film_work ids to update: '0'
INFO:FilmWork:ETL process is finished.  sleep: 10
INFO:FilmWork:Start ETL process for FILMWORK_ETL_last_updated_dt: 2021-09-27 13:21:44.838806
INFO:FilmWork:got '0' film_work ids from person etl
INFO:FilmWork:ETL process is finished.  sleep: 10
INFO:FilmWork:Start ETL process for FILMWORK_ETL_last_updated_dt: 2021-09-27 13:21:54.850148
INFO:FilmWork:got '0' film_work ids from genre etl
INFO:FilmWork:ETL process is finished.  sleep: 10
INFO:FilmWork:Start ETL process for FILMWORK_ETL_last_updated_dt: 2021-09-27 13:22:04.858222
INFO:FilmWork:got '0' film_work ids from film_work etl
INFO:FilmWork:total unique film_work ids to update: '0'
INFO:FilmWork:ETL process is finished.  sleep: 10
INFO:FilmWork:Start ETL process for FILMWORK_ETL_last_updated_dt: 2021-09-27 13:22:14.870130
INFO:FilmWork:got '0' film_work ids from person etl
INFO:FilmWork:ETL process is finished.  sleep: 10
INFO:FilmWork:Start ETL process for FILMWORK_ETL_last_updated_dt: 2021-09-27 13:22:24.879463
INFO:FilmWork:got '0' film_work ids from genre etl
INFO:FilmWork:ETL process is finished.  sleep: 10
INFO:root:Start ETL application with FILMWORK_ETL mode
INFO:root:Start ETL application with FILMWORK_ETL mode
INFO:root:Start ETL application with FILMWORK_ETL mode
INFO:PgProducer:PostgreSQL connection is open
INFO:root:Start ETL application with FILMWORK_ETL mode
INFO:root:Start ETL application with FILMWORK_ETL mode
INFO:root:Start ETL application with FILMWORK_ETL mode
INFO:PgProducer:PostgreSQL connection is open
INFO:root:Start ETL application with FILMWORK_ETL mode
INFO:root:Start ETL application with FILMWORK_ETL mode
INFO:root:Start ETL application with FILMWORK_ETL mode
INFO:root:Start ETL application with FILMWORK_ETL mode
INFO:root:Start ETL application with FILMWORK_ETL mode
INFO:PgProducer:PostgreSQL connection is open
INFO:root:Start ETL application with FILMWORK_ETL mode
INFO:root:Start ETL application with FILMWORK_ETL mode
INFO:elasticsearch:GET http://localhost:9200/ [status:200 request:0.029s]
INFO:elasticsearch:PUT http://localhost:9200/index [status:200 request:0.284s]
INFO:FilmWork:Start ETL process for FILMWORK_ETL_last_updated_dt: 2021-09-27 13:22:34.890193
INFO:FilmWork:got '0' film_work ids from person etl
INFO:FilmWork:ETL process is finished.  sleep: 10
INFO:FilmWork:Start ETL process for FILMWORK_ETL_last_updated_dt: 2021-09-27 13:25:03.330483
INFO:FilmWork:got '0' film_work ids from genre etl
INFO:FilmWork:ETL process is finished.  sleep: 10
INFO:root:Start ETL application with FILMWORK_ETL mode
INFO:root:Start ETL application with FILMWORK_ETL mode
INFO:root:Start ETL application with FILMWORK_ETL mode
INFO:PgProducer:PostgreSQL connection is open
INFO:elasticsearch:GET http://localhost:9200/ [status:200 request:0.015s]
WARNING:elasticsearch:PUT http://localhost:9200/index [status:400 request:0.008s]
WARNING:ESLoader:index already exist: index
INFO:root:Start ETL application with FILMWORK_ETL mode
INFO:root:Start ETL application with FILMWORK_ETL mode
INFO:FilmWork:Start ETL process for FILMWORK_ETL_last_updated_dt: 2021-09-27 13:25:13.346538
INFO:FilmWork:got '0' film_work ids from person etl
INFO:FilmWork:ETL process is finished.  sleep: 10
INFO:FilmWork:Start ETL process for FILMWORK_ETL_last_updated_dt: 2021-09-27 13:25:52.859480
INFO:FilmWork:got '0' film_work ids from genre etl
INFO:FilmWork:ETL process is finished.  sleep: 10
INFO:FilmWork:Start ETL process for FILMWORK_ETL_last_updated_dt: 2021-09-27 13:26:44.524351
INFO:FilmWork:got '1' film_work ids from film_work etl
INFO:FilmWork:total unique film_work ids to update: '1'
INFO:root:Start ETL application with FILMWORK_ETL mode
INFO:root:Start ETL application with FILMWORK_ETL mode
INFO:root:Start ETL application with FILMWORK_ETL mode
INFO:PgProducer:PostgreSQL connection is open
INFO:elasticsearch:GET http://localhost:9200/ [status:200 request:0.017s]
WARNING:elasticsearch:PUT http://localhost:9200/index [status:400 request:0.006s]
WARNING:ESLoader:index already exist: index
INFO:root:Start ETL application with FILMWORK_ETL mode
INFO:root:Start ETL application with FILMWORK_ETL mode
INFO:FilmWork:Start ETL process for FILMWORK_ETL_last_updated_dt: 2021-09-27 13:26:44.524351
INFO:FilmWork:got '1' film_work ids from person etl
INFO:FilmWork:ETL process is finished.  sleep: 10
INFO:FilmWork:Start ETL process for FILMWORK_ETL_last_updated_dt: 2021-09-27 13:27:06.933584
INFO:FilmWork:got '1' film_work ids from genre etl
INFO:FilmWork:ETL process is finished.  sleep: 10
INFO:FilmWork:Start ETL process for FILMWORK_ETL_last_updated_dt: 2021-09-27 13:27:24.170159
INFO:FilmWork:got '1' film_work ids from film_work etl
INFO:FilmWork:total unique film_work ids to update: '1'
INFO:root:Start ETL application with FILMWORK_ETL mode
INFO:PgProducer:PostgreSQL connection is open
INFO:elasticsearch:GET http://localhost:9200/ [status:200 request:0.005s]
WARNING:elasticsearch:PUT http://localhost:9200/index [status:400 request:0.002s]
WARNING:ESLoader:index already exist: index
INFO:FilmWork:Start ETL process for FILMWORK_ETL_last_updated_dt: 2021-09-27 13:27:24.170159
INFO:FilmWork:got '1' film_work ids from person etl
INFO:FilmWork:ETL process is finished.  sleep: 10
INFO:root:Start ETL application with FILMWORK_ETL mode
INFO:root:Start ETL application with FILMWORK_ETL mode
INFO:root:Start ETL application with FILMWORK_ETL mode
INFO:PgProducer:PostgreSQL connection is open
INFO:root:Start ETL application with FILMWORK_ETL mode
INFO:root:Start ETL application with FILMWORK_ETL mode
INFO:root:Start ETL application with FILMWORK_ETL mode
INFO:PgProducer:PostgreSQL connection is open
INFO:elasticsearch:GET http://localhost:9200/ [status:200 request:0.006s]
INFO:elasticsearch:PUT http://localhost:9200/movies [status:200 request:0.135s]
INFO:FilmWork:Start ETL process for FILMWORK_ETL_last_updated_dt: 2021-09-27 13:27:58.076799
INFO:FilmWork:got '1' film_work ids from person etl
INFO:FilmWork:ETL process is finished.  sleep: 10
INFO:FilmWork:Start ETL process for FILMWORK_ETL_last_updated_dt: 2021-09-27 13:28:45.777243
INFO:FilmWork:got '1' film_work ids from genre etl
INFO:FilmWork:ETL process is finished.  sleep: 10
INFO:FilmWork:Start ETL process for FILMWORK_ETL_last_updated_dt: 2021-09-27 13:28:55.789272
INFO:FilmWork:got '1' film_work ids from film_work etl
INFO:FilmWork:total unique film_work ids to update: '1'
INFO:root:Start ETL application with FILMWORK_ETL mode
INFO:PgProducer:PostgreSQL connection is open
INFO:elasticsearch:GET http://localhost:9200/ [status:200 request:0.003s]
WARNING:elasticsearch:PUT http://localhost:9200/movies [status:400 request:0.002s]
WARNING:ESLoader:index already exist: movies
INFO:FilmWork:Start ETL process for FILMWORK_ETL_last_updated_dt: 2020-09-27 13:28:55.789272
INFO:FilmWork:got '999' film_work ids from person etl
INFO:FilmWork:ETL process is finished.  sleep: 10
INFO:FilmWork:Start ETL process for FILMWORK_ETL_last_updated_dt: 2021-09-27 13:30:24.826001
INFO:FilmWork:got '1' film_work ids from genre etl
INFO:FilmWork:ETL process is finished.  sleep: 10
INFO:FilmWork:Start ETL process for FILMWORK_ETL_last_updated_dt: 2021-09-27 13:30:34.838829
INFO:FilmWork:got '1' film_work ids from film_work etl
INFO:FilmWork:total unique film_work ids to update: '999'
INFO:root:Start ETL application with FILMWORK_ETL mode
INFO:PgProducer:PostgreSQL connection is open
INFO:elasticsearch:GET http://localhost:9200/ [status:200 request:0.005s]
WARNING:elasticsearch:PUT http://localhost:9200/movies [status:400 request:0.002s]
WARNING:ESLoader:index already exist: movies
INFO:FilmWork:Start ETL process for FILMWORK_ETL_last_updated_dt: 2021-09-27 13:30:34.838829
INFO:FilmWork:got '1' film_work ids from person etl
INFO:FilmWork:ETL process is finished.  sleep: 10
INFO:root:Start ETL application with FILMWORK_ETL mode
INFO:root:Start ETL application with FILMWORK_ETL mode
INFO:root:Start ETL application with FILMWORK_ETL mode
INFO:PgProducer:PostgreSQL connection is open
INFO:elasticsearch:GET http://localhost:9200/ [status:200 request:0.025s]
WARNING:elasticsearch:PUT http://localhost:9200/movies [status:400 request:0.007s]
WARNING:ESLoader:index already exist: movies
INFO:root:Start ETL application with FILMWORK_ETL mode
INFO:root:Start ETL application with FILMWORK_ETL mode
INFO:FilmWork:Start ETL process for FILMWORK_ETL_last_updated_dt: 2021-09-27 13:31:03.584642
INFO:FilmWork:got '1' film_work ids from person etl
INFO:FilmWork:ETL process is finished.  sleep: 10
INFO:FilmWork:Start ETL process for FILMWORK_ETL_last_updated_dt: 2021-09-27 13:31:19.298431
INFO:FilmWork:got '1' film_work ids from genre etl
INFO:FilmWork:ETL process is finished.  sleep: 10
INFO:FilmWork:Start ETL process for FILMWORK_ETL_last_updated_dt: 2021-09-27 13:31:30.522230
INFO:FilmWork:got '1' film_work ids from film_work etl
INFO:FilmWork:total unique film_work ids to update: '1'
INFO:root:Start ETL application with FILMWORK_ETL mode
INFO:PgProducer:PostgreSQL connection is open
INFO:elasticsearch:GET http://localhost:9200/ [status:200 request:0.029s]
WARNING:elasticsearch:PUT http://localhost:9200/movies [status:400 request:0.009s]
WARNING:ESLoader:index already exist: movies
INFO:FilmWork:Start ETL process for FILMWORK_ETL_last_updated_dt: 2021-09-27 13:31:30.522230
INFO:FilmWork:got '1' film_work ids from person etl
INFO:FilmWork:ETL process is finished.  sleep: 10
INFO:FilmWork:Start ETL process for FILMWORK_ETL_last_updated_dt: 2021-09-27 13:33:13.196385
INFO:FilmWork:got '1' film_work ids from genre etl
INFO:FilmWork:ETL process is finished.  sleep: 10
INFO:root:Start ETL application with FILMWORK_ETL mode
INFO:PgProducer:PostgreSQL connection is open
INFO:elasticsearch:GET http://localhost:9200/ [status:200 request:0.006s]
WARNING:elasticsearch:PUT http://localhost:9200/movies [status:400 request:0.003s]
WARNING:ESLoader:index already exist: movies
INFO:FilmWork:Start ETL process for FILMWORK_ETL_last_updated_dt: 2021-09-27 13:33:23.210457
INFO:FilmWork:got '1' film_work ids from person etl
INFO:FilmWork:ETL process is finished.  sleep: 10
INFO:FilmWork:Start ETL process for FILMWORK_ETL_last_updated_dt: 2021-09-27 13:33:36.282268
INFO:FilmWork:got '1' film_work ids from genre etl
INFO:FilmWork:ETL process is finished.  sleep: 10
INFO:FilmWork:Start ETL process for FILMWORK_ETL_last_updated_dt: 2021-09-27 13:33:46.294174
INFO:FilmWork:got '1' film_work ids from film_work etl
INFO:FilmWork:total unique film_work ids to update: '1'
INFO:root:Start ETL application with FILMWORK_ETL mode
INFO:PgProducer:PostgreSQL connection is open
INFO:elasticsearch:GET http://localhost:9200/ [status:200 request:0.005s]
WARNING:elasticsearch:PUT http://localhost:9200/movies [status:400 request:0.002s]
WARNING:ESLoader:index already exist: movies
INFO:FilmWork:Start ETL process for FILMWORK_ETL_last_updated_dt: 2021-09-27 13:33:46.294174
INFO:FilmWork:got '1' film_work ids from person etl
INFO:FilmWork:ETL process is finished.  sleep: 10
INFO:FilmWork:Start ETL process for FILMWORK_ETL_last_updated_dt: 2021-09-27 13:34:11.074168
INFO:FilmWork:got '0' film_work ids from genre etl
INFO:FilmWork:ETL process is finished.  sleep: 10
INFO:FilmWork:Start ETL process for FILMWORK_ETL_last_updated_dt: 2021-09-27 13:34:21.086366
INFO:FilmWork:got '0' film_work ids from film_work etl
INFO:FilmWork:total unique film_work ids to update: '1'
INFO:root:Start ETL application with FILMWORK_ETL mode
INFO:PgProducer:PostgreSQL connection is open
INFO:elasticsearch:GET http://localhost:9200/ [status:200 request:0.005s]
WARNING:elasticsearch:PUT http://localhost:9200/movies [status:400 request:0.002s]
WARNING:ESLoader:index already exist: movies
INFO:FilmWork:Start ETL process for FILMWORK_ETL_last_updated_dt: 2021-09-27 13:34:21.086366
INFO:FilmWork:got '0' film_work ids from person etl
INFO:FilmWork:ETL process is finished.  sleep: 10
INFO:FilmWork:Start ETL process for FILMWORK_ETL_last_updated_dt: 2021-09-27 13:34:40.733183
INFO:FilmWork:got '0' film_work ids from genre etl
INFO:FilmWork:ETL process is finished.  sleep: 10
